
> ascii-3d-renderer.js@1.0.0 build-storybook /Users/kciter/project/ascii-3d-renderer.js
> storybook build "--output-dir" "/var/folders/ds/0bnz6xqn1cb40_9gnv8qbmcm0000gn/T/chromatic--11747-l6EbY20VZhY2"

@storybook/cli v7.6.17

info => Cleaning outputDir: /var/folders/ds/0bnz6xqn1cb40_9gnv8qbmcm0000gn/T/chromatic--11747-l6EbY20VZhY2
info => Loading presets
info => Building manager..
info => Manager built (114 ms)
info => Building preview..
info => Copying static files: /Users/kciter/project/ascii-3d-renderer.js/node_modules/.pnpm/@storybook+manager@7.6.17/node_modules/@storybook/manager/static at /var/folders/ds/0bnz6xqn1cb40_9gnv8qbmcm0000gn/T/chromatic--11747-l6EbY20VZhY2/sb-common-assets
WARN No story files found for the specified pattern: src/**/*.mdx
vite v5.1.4 building for production...
transforming...
✓ 515 modules transformed.
rendering chunks...
computing gzip size...
../../../../var/folders/ds/0bnz6xqn1cb40_9gnv8qbmcm0000gn/T/chromatic--11747-l6EbY20VZhY2/iframe.html                                     12.75 kB │ gzip:   3.59 kB
../../../../var/folders/ds/0bnz6xqn1cb40_9gnv8qbmcm0000gn/T/chromatic--11747-l6EbY20VZhY2/assets/ASCII3DRenderer-DjJLpoUm.css              0.09 kB │ gzip:   0.09 kB
../../../../var/folders/ds/0bnz6xqn1cb40_9gnv8qbmcm0000gn/T/chromatic--11747-l6EbY20VZhY2/assets/preview-CIwosuWp.js                       0.15 kB │ gzip:   0.15 kB
../../../../var/folders/ds/0bnz6xqn1cb40_9gnv8qbmcm0000gn/T/chromatic--11747-l6EbY20VZhY2/assets/_commonjsHelpers-Cpj98o6Y.js              0.24 kB │ gzip:   0.18 kB
../../../../var/folders/ds/0bnz6xqn1cb40_9gnv8qbmcm0000gn/T/chromatic--11747-l6EbY20VZhY2/assets/WithTooltip-V3YHNWJZ-CNvnmLvD.js          0.32 kB │ gzip:   0.22 kB
../../../../var/folders/ds/0bnz6xqn1cb40_9gnv8qbmcm0000gn/T/chromatic--11747-l6EbY20VZhY2/assets/syntaxhighlighter-B5GMVT5T-BV-Pm2yM.js    0.33 kB │ gzip:   0.24 kB
../../../../var/folders/ds/0bnz6xqn1cb40_9gnv8qbmcm0000gn/T/chromatic--11747-l6EbY20VZhY2/assets/preview-DYp38DmK.js                       0.63 kB │ gzip:   0.37 kB
../../../../var/folders/ds/0bnz6xqn1cb40_9gnv8qbmcm0000gn/T/chromatic--11747-l6EbY20VZhY2/assets/preview-B_0crF9I.js                       0.64 kB │ gzip:   0.44 kB
../../../../var/folders/ds/0bnz6xqn1cb40_9gnv8qbmcm0000gn/T/chromatic--11747-l6EbY20VZhY2/assets/index-DWkgRIcq.js                         0.74 kB │ gzip:   0.43 kB
../../../../var/folders/ds/0bnz6xqn1cb40_9gnv8qbmcm0000gn/T/chromatic--11747-l6EbY20VZhY2/assets/index-DrFu-skq.js                         0.77 kB │ gzip:   0.47 kB
../../../../var/folders/ds/0bnz6xqn1cb40_9gnv8qbmcm0000gn/T/chromatic--11747-l6EbY20VZhY2/assets/preview-Cv3rAi2i.js                       0.86 kB │ gzip:   0.55 kB
../../../../var/folders/ds/0bnz6xqn1cb40_9gnv8qbmcm0000gn/T/chromatic--11747-l6EbY20VZhY2/assets/entry-preview-docs-svdg9Vgk.js            0.89 kB │ gzip:   0.55 kB
../../../../var/folders/ds/0bnz6xqn1cb40_9gnv8qbmcm0000gn/T/chromatic--11747-l6EbY20VZhY2/assets/entry-preview-D5Ui7gv5.js                 1.23 kB │ gzip:   0.74 kB
../../../../var/folders/ds/0bnz6xqn1cb40_9gnv8qbmcm0000gn/T/chromatic--11747-l6EbY20VZhY2/assets/index-Bw8VTzHM.js                         2.59 kB │ gzip:   1.26 kB
../../../../var/folders/ds/0bnz6xqn1cb40_9gnv8qbmcm0000gn/T/chromatic--11747-l6EbY20VZhY2/assets/preview-BcxrGG1y.js                       3.19 kB │ gzip:   1.37 kB
../../../../var/folders/ds/0bnz6xqn1cb40_9gnv8qbmcm0000gn/T/chromatic--11747-l6EbY20VZhY2/assets/iframe-1MdUqzNs.js                        4.01 kB │ gzip:   1.61 kB
../../../../var/folders/ds/0bnz6xqn1cb40_9gnv8qbmcm0000gn/T/chromatic--11747-l6EbY20VZhY2/assets/preview-D8VCGkL0.js                       5.23 kB │ gzip:   2.39 kB
../../../../var/folders/ds/0bnz6xqn1cb40_9gnv8qbmcm0000gn/T/chromatic--11747-l6EbY20VZhY2/assets/preview-BAz7FMXc.js                       7.62 kB │ gzip:   1.56 kB
../../../../var/folders/ds/0bnz6xqn1cb40_9gnv8qbmcm0000gn/T/chromatic--11747-l6EbY20VZhY2/assets/preview-Db4Idchh.js                       8.11 kB │ gzip:   3.08 kB
../../../../var/folders/ds/0bnz6xqn1cb40_9gnv8qbmcm0000gn/T/chromatic--11747-l6EbY20VZhY2/assets/Color-6VNJS4EI-BOanwBV6.js               30.93 kB │ gzip:  11.61 kB
../../../../var/folders/ds/0bnz6xqn1cb40_9gnv8qbmcm0000gn/T/chromatic--11747-l6EbY20VZhY2/assets/index-CkgylbKr.js                        64.16 kB │ gzip:  18.31 kB
../../../../var/folders/ds/0bnz6xqn1cb40_9gnv8qbmcm0000gn/T/chromatic--11747-l6EbY20VZhY2/assets/preview-BCp7Wgbt.js                      72.16 kB │ gzip:  24.38 kB
../../../../var/folders/ds/0bnz6xqn1cb40_9gnv8qbmcm0000gn/T/chromatic--11747-l6EbY20VZhY2/assets/formatter-SWP5E3XI-CK3BuVPB.js          601.51 kB │ gzip: 185.01 kB
../../../../var/folders/ds/0bnz6xqn1cb40_9gnv8qbmcm0000gn/T/chromatic--11747-l6EbY20VZhY2/assets/ASCII3DRenderer.stories-YTqmrKNm.js     623.86 kB │ gzip: 186.96 kB
../../../../var/folders/ds/0bnz6xqn1cb40_9gnv8qbmcm0000gn/T/chromatic--11747-l6EbY20VZhY2/assets/DocsRenderer-NNNQARDV-BO77-ENn.js       687.30 kB │ gzip: 223.57 kB
✓ built in 2.30s
info => Preview built (3.36 s)
info => Output directory: /var/folders/ds/0bnz6xqn1cb40_9gnv8qbmcm0000gn/T/chromatic--11747-l6EbY20VZhY2

attention => Storybook now collects completely anonymous telemetry regarding usage.
This information is used to shape Storybook's roadmap and prioritize features.
You can learn more, including how to opt-out if you'd not like to participate in this anonymous program, by visiting the following URL:
https://storybook.js.org/telemetry

